<?xml version="1.0" encoding="UTF-8"?>
<!-- Generated by org.testng.reporters.JUnitReportReporter -->
<testsuite hostname="MAVBCP3495" failures="0" tests="1" name="com.selenium.examples.LoginExample" time="29.580" errors="0" timestamp="2021-10-06T21:59:44 IST" skipped="0">
  <testcase classname="com.selenium.examples.LoginExample" name="Logintest" time="29.580"/>
  <system-out/>
</testsuite> <!-- com.selenium.examples.LoginExample -->
