<?xml version="1.0" encoding="UTF-8"?>
<!-- Generated by org.testng.reporters.JUnitReportReporter -->
<testsuite hostname="MAVBCP3495" failures="0" tests="1" name="com.selenium.individual.SeleniumIndividualSwag" time="26.626" errors="0" timestamp="2021-10-11T12:20:40 IST" skipped="0">
  <testcase classname="com.selenium.individual.SeleniumIndividualSwag" name="Individual" time="26.626"/>
  <system-out/>
</testsuite> <!-- com.selenium.individual.SeleniumIndividualSwag -->
