<?xml version="1.0" encoding="UTF-8"?>
<!-- Generated by org.testng.reporters.JUnitReportReporter -->
<testsuite hostname="MAVBCP3495" failures="0" tests="2" name="com.selenium.examples2.CrossBrowserScript" time="30.567" errors="0" timestamp="2021-10-07T15:36:43 IST" skipped="0">
  <testcase classname="com.selenium.examples2.CrossBrowserScript" name="testParameterWithXML" time="14.714"/>
  <system-out/>
  <testcase classname="com.selenium.examples2.CrossBrowserScript" name="testParameterWithXML" time="15.853"/>
  <system-out/>
</testsuite> <!-- com.selenium.examples2.CrossBrowserScript -->
