<?xml version="1.0" encoding="UTF-8"?>
<!-- Generated by org.testng.reporters.JUnitReportReporter -->
<testsuite hostname="MAVBCP3495" failures="0" tests="1" name="com.selenium.examples2.VerifyWordpressLogin" time="18.737" errors="0" timestamp="2021-10-07T14:21:58 IST" skipped="0">
  <testcase classname="com.selenium.examples2.VerifyWordpressLogin" name="verifyValidLogin" time="18.737"/>
  <system-out/>
</testsuite> <!-- com.selenium.examples2.VerifyWordpressLogin -->
