<?xml version="1.0" encoding="UTF-8"?>
<!-- Generated by org.testng.reporters.JUnitReportReporter -->
<testsuite hostname="MAVBCP3495" failures="0" tests="1" name="com.selenium.examples2.robotExample" time="26.177" errors="0" timestamp="2021-10-08T12:02:30 IST" skipped="0">
  <testcase classname="com.selenium.examples2.robotExample" name="robot1" time="26.177"/>
  <system-out/>
</testsuite> <!-- com.selenium.examples2.robotExample -->
