<?xml version="1.0" encoding="UTF-8"?>
<!-- Generated by org.testng.reporters.JUnitReportReporter -->
<testsuite hostname="MAVBCP3495" failures="0" tests="1" name="com.selenium.examples2.JsExecutorExample" time="11.095" errors="0" timestamp="2021-10-08T14:28:34 IST" skipped="0">
  <testcase classname="com.selenium.examples2.JsExecutorExample" name="Js" time="11.095"/>
  <system-out/>
</testsuite> <!-- com.selenium.examples2.JsExecutorExample -->
