<?xml version="1.0" encoding="UTF-8"?>
<!-- Generated by org.testng.reporters.JUnitReportReporter -->
<testsuite hostname="MAVBCP3495" failures="0" tests="1" name="com.selenium.examples2.RecorderScript" time="16.429" errors="0" timestamp="2021-10-08T09:41:22 IST" skipped="0">
  <testcase classname="com.selenium.examples2.RecorderScript" name="testParameterWithXML" time="16.429"/>
  <system-out/>
</testsuite> <!-- com.selenium.examples2.RecorderScript -->
