<?xml version="1.0" encoding="UTF-8"?>
<!-- Generated by org.testng.reporters.JUnitReportReporter -->
<testsuite hostname="MAVBCP3495" failures="0" tests="1" name="com.selenium.examples.TestNgProj2" time="14.340" errors="0" timestamp="2021-10-07T14:25:31 IST" skipped="0">
  <testcase classname="com.selenium.examples.TestNgProj2" name="dropdown" time="14.340"/>
  <system-out/>
</testsuite> <!-- com.selenium.examples.TestNgProj2 -->
