<?xml version="1.0" encoding="UTF-8"?>
<!-- Generated by org.testng.reporters.JUnitReportReporter -->
<testsuite hostname="MAVBCP3495" failures="0" tests="1" name="com.selenium.examples1.waitTest" time="46.085" errors="0" timestamp="2021-10-07T15:07:53 IST" skipped="0">
  <testcase classname="com.selenium.examples1.waitTest" name="testUntitled" time="46.085"/>
  <system-out/>
</testsuite> <!-- com.selenium.examples1.waitTest -->
