<?xml version="1.0" encoding="UTF-8"?>
<!-- Generated by org.testng.reporters.JUnitReportReporter -->
<testsuite hostname="MAVBCP3495" failures="0" tests="4" name="com.selenium.examples2.ParallelTest" time="13.430" errors="0" timestamp="2021-10-07T16:54:30 IST" skipped="0">
  <testcase classname="com.selenium.examples2.ParallelTest" name="login_TestCase" time="3.157"/>
  <system-out/>
  <testcase classname="com.selenium.examples2.ParallelTest" name="search_TestCase" time="1.688"/>
  <system-out/>
  <testcase classname="com.selenium.examples2.ParallelTest" name="login_TestCase" time="5.667"/>
  <system-out/>
  <testcase classname="com.selenium.examples2.ParallelTest" name="search_TestCase" time="2.918"/>
  <system-out/>
</testsuite> <!-- com.selenium.examples2.ParallelTest -->
