<?xml version="1.0" encoding="UTF-8"?>
<!-- Generated by org.testng.reporters.JUnitReportReporter -->
<testsuite hostname="MAVBCP3495" failures="0" tests="1" name="com.selenium.examples2.robotExample1" time="45.050" errors="0" timestamp="2021-10-08T11:05:33 IST" skipped="0">
  <testcase classname="com.selenium.examples2.robotExample1" name="robot" time="45.050"/>
  <system-out/>
</testsuite> <!-- com.selenium.examples2.robotExample1 -->
