<?xml version="1.0" encoding="UTF-8"?>
<!-- Generated by org.testng.reporters.JUnitReportReporter -->
<testsuite hostname="MAVBCP3495" failures="0" tests="1" name="com.selenium.examples.AlertDemo" time="12.285" errors="0" timestamp="2021-10-07T17:09:04 IST" skipped="0">
  <testcase classname="com.selenium.examples.AlertDemo" name="alertHandling" time="12.285"/>
  <system-out/>
</testsuite> <!-- com.selenium.examples.AlertDemo -->
