<?xml version="1.0" encoding="UTF-8"?>
<!-- Generated by org.testng.reporters.JUnitReportReporter -->
<testsuite hostname="MAVBCP3495" failures="0" tests="1" name="com.selenium.examples1.MultipleWindowHandle1" time="14.137" errors="0" timestamp="2021-10-07T14:24:26 IST" skipped="0">
  <testcase classname="com.selenium.examples1.MultipleWindowHandle1" name="MultipleWindowHandling" time="14.137"/>
  <system-out/>
</testsuite> <!-- com.selenium.examples1.MultipleWindowHandle1 -->
