<?xml version="1.0" encoding="UTF-8"?>
<!-- Generated by org.testng.reporters.JUnitReportReporter -->
<testsuite hostname="MAVBCP3495" failures="0" tests="1" name="com.selenium.examples.WebTable" time="10.678" errors="0" timestamp="2021-10-07T17:25:37 IST" skipped="0">
  <testcase classname="com.selenium.examples.WebTable" name="webtable" time="10.678"/>
  <system-out/>
</testsuite> <!-- com.selenium.examples.WebTable -->
