<?xml version="1.0" encoding="UTF-8"?>
<!-- Generated by org.testng.reporters.JUnitReportReporter -->
<testsuite hostname="MAVBCP3495" failures="0" tests="2" name="com.selenium.examples.Orange" time="9.558" errors="0" timestamp="2021-10-07T14:26:29 IST" skipped="0">
  <testcase classname="com.selenium.examples.Orange" name="Screenshot" time="0.189"/>
  <system-out/>
  <testcase classname="com.selenium.examples.Orange" name="ValidLogin" time="9.369"/>
  <system-out/>
</testsuite> <!-- com.selenium.examples.Orange -->
